04:23:10.499 DEBUG [o.j.logging]  Logging Provider: org.jboss.logging.Slf4jLoggerProvider
04:24:47.716 DEBUG [o.j.logging]  Logging Provider: org.jboss.logging.Slf4jLoggerProvider
04:26:17.441 DEBUG [o.j.logging]  Logging Provider: org.jboss.logging.Slf4jLoggerProvider
04:27:30.077 DEBUG [o.w.p.h.HttpService]  --> POST https://greenchain.space:4443/ http/1.1
04:27:30.077 DEBUG [o.w.p.h.HttpService]  Content-Type: application/json; charset=utf-8
04:27:30.077 DEBUG [o.w.p.h.HttpService]  Content-Length: 115
04:27:30.078 DEBUG [o.w.p.h.HttpService]  
04:27:30.078 DEBUG [o.w.p.h.HttpService]  {"jsonrpc":"2.0","method":"eth_getBalance","params":["0x6008f59bbc5bcfd7984d3dbcbe9cd473f8615c2d","latest"],"id":0}
04:27:30.078 DEBUG [o.w.p.h.HttpService]  --> END POST (115-byte body)
04:27:30.942 DEBUG [o.w.p.h.HttpService]  <-- 200 OK https://greenchain.space:4443/ (864ms)
04:27:30.942 DEBUG [o.w.p.h.HttpService]  Server: nginx/1.14.0 (Ubuntu)
04:27:30.943 DEBUG [o.w.p.h.HttpService]  Date: Fri, 02 Nov 2018 01:27:30 GMT
04:27:30.943 DEBUG [o.w.p.h.HttpService]  Content-Type: application/json
04:27:30.943 DEBUG [o.w.p.h.HttpService]  Content-Length: 56
04:27:30.943 DEBUG [o.w.p.h.HttpService]  Connection: keep-alive
04:27:30.943 DEBUG [o.w.p.h.HttpService]  Vary: Origin
04:27:30.943 DEBUG [o.w.p.h.HttpService]  
04:27:30.943 DEBUG [o.w.p.h.HttpService]  {"jsonrpc":"2.0","id":0,"result":"0x864937862d9b4b5e0"}

04:27:30.943 DEBUG [o.w.p.h.HttpService]  <-- END HTTP (56-byte body)
04:30:30.540 DEBUG [o.j.logging]  Logging Provider: org.jboss.logging.Slf4jLoggerProvider
04:31:44.620 DEBUG [o.w.p.h.HttpService]  --> POST https://greenchain.space:4443/ http/1.1
04:31:44.620 DEBUG [o.w.p.h.HttpService]  Content-Type: application/json; charset=utf-8
04:31:44.620 DEBUG [o.w.p.h.HttpService]  Content-Length: 115
04:31:44.621 DEBUG [o.w.p.h.HttpService]  
04:31:44.621 DEBUG [o.w.p.h.HttpService]  {"jsonrpc":"2.0","method":"eth_getBalance","params":["0x6008f59bbc5bcfd7984d3dbcbe9cd473f8615c2d","latest"],"id":0}
04:31:44.621 DEBUG [o.w.p.h.HttpService]  --> END POST (115-byte body)
04:31:45.125 DEBUG [o.w.p.h.HttpService]  <-- 200 OK https://greenchain.space:4443/ (504ms)
04:31:45.125 DEBUG [o.w.p.h.HttpService]  Server: nginx/1.14.0 (Ubuntu)
04:31:45.125 DEBUG [o.w.p.h.HttpService]  Date: Fri, 02 Nov 2018 01:31:45 GMT
04:31:45.125 DEBUG [o.w.p.h.HttpService]  Content-Type: application/json
04:31:45.125 DEBUG [o.w.p.h.HttpService]  Content-Length: 56
04:31:45.125 DEBUG [o.w.p.h.HttpService]  Connection: keep-alive
04:31:45.125 DEBUG [o.w.p.h.HttpService]  Vary: Origin
04:31:45.125 DEBUG [o.w.p.h.HttpService]  
04:31:45.125 DEBUG [o.w.p.h.HttpService]  {"jsonrpc":"2.0","id":0,"result":"0x864937862d9b4b5e0"}

04:31:45.125 DEBUG [o.w.p.h.HttpService]  <-- END HTTP (56-byte body)
04:32:34.922 DEBUG [o.w.p.h.HttpService]  --> POST https://greenchain.space:4443/ http/1.1
04:32:34.922 DEBUG [o.w.p.h.HttpService]  Content-Type: application/json; charset=utf-8
04:32:34.922 DEBUG [o.w.p.h.HttpService]  Content-Length: 115
04:32:34.922 DEBUG [o.w.p.h.HttpService]  
04:32:34.922 DEBUG [o.w.p.h.HttpService]  {"jsonrpc":"2.0","method":"eth_getBalance","params":["0x6008f59bbc5bcfd7984d3dbcbe9cd473f8615c2d","latest"],"id":1}
04:32:34.922 DEBUG [o.w.p.h.HttpService]  --> END POST (115-byte body)
04:32:35.541 DEBUG [o.w.p.h.HttpService]  <-- 200 OK https://greenchain.space:4443/ (618ms)
04:32:35.541 DEBUG [o.w.p.h.HttpService]  Server: nginx/1.14.0 (Ubuntu)
04:32:35.541 DEBUG [o.w.p.h.HttpService]  Date: Fri, 02 Nov 2018 01:32:35 GMT
04:32:35.541 DEBUG [o.w.p.h.HttpService]  Content-Type: application/json
04:32:35.541 DEBUG [o.w.p.h.HttpService]  Content-Length: 56
04:32:35.541 DEBUG [o.w.p.h.HttpService]  Connection: keep-alive
04:32:35.541 DEBUG [o.w.p.h.HttpService]  Vary: Origin
04:32:35.541 DEBUG [o.w.p.h.HttpService]  
04:32:35.541 DEBUG [o.w.p.h.HttpService]  {"jsonrpc":"2.0","id":1,"result":"0x864937862d9b4b5e0"}

04:32:35.541 DEBUG [o.w.p.h.HttpService]  <-- END HTTP (56-byte body)
04:34:59.135 DEBUG [o.j.logging]  Logging Provider: org.jboss.logging.Slf4jLoggerProvider
04:35:59.036 DEBUG [o.w.p.h.HttpService]  --> POST https://greenchain.space:4443/ http/1.1
04:35:59.037 DEBUG [o.w.p.h.HttpService]  Content-Type: application/json; charset=utf-8
04:35:59.037 DEBUG [o.w.p.h.HttpService]  Content-Length: 115
04:35:59.038 DEBUG [o.w.p.h.HttpService]  
04:35:59.038 DEBUG [o.w.p.h.HttpService]  {"jsonrpc":"2.0","method":"eth_getBalance","params":["0x6008f59bbc5bcfd7984d3dbcbe9cd473f8615c2d","latest"],"id":0}
04:35:59.038 DEBUG [o.w.p.h.HttpService]  --> END POST (115-byte body)
04:35:59.672 DEBUG [o.w.p.h.HttpService]  <-- 200 OK https://greenchain.space:4443/ (634ms)
04:35:59.672 DEBUG [o.w.p.h.HttpService]  Server: nginx/1.14.0 (Ubuntu)
04:35:59.673 DEBUG [o.w.p.h.HttpService]  Date: Fri, 02 Nov 2018 01:35:59 GMT
04:35:59.673 DEBUG [o.w.p.h.HttpService]  Content-Type: application/json
04:35:59.673 DEBUG [o.w.p.h.HttpService]  Content-Length: 56
04:35:59.673 DEBUG [o.w.p.h.HttpService]  Connection: keep-alive
04:35:59.673 DEBUG [o.w.p.h.HttpService]  Vary: Origin
04:35:59.673 DEBUG [o.w.p.h.HttpService]  
04:35:59.673 DEBUG [o.w.p.h.HttpService]  {"jsonrpc":"2.0","id":0,"result":"0x864937862d9b4b5e0"}

04:35:59.673 DEBUG [o.w.p.h.HttpService]  <-- END HTTP (56-byte body)
04:37:08.225 DEBUG [o.w.p.h.HttpService]  --> POST https://greenchain.space:4443/ http/1.1
04:37:08.226 DEBUG [o.w.p.h.HttpService]  Content-Type: application/json; charset=utf-8
04:37:08.226 DEBUG [o.w.p.h.HttpService]  Content-Length: 115
04:37:08.226 DEBUG [o.w.p.h.HttpService]  
04:37:08.226 DEBUG [o.w.p.h.HttpService]  {"jsonrpc":"2.0","method":"eth_getBalance","params":["0x6008f59bbc5bcfd7984d3dbcbe9cd473f8615c2d","latest"],"id":1}
04:37:08.226 DEBUG [o.w.p.h.HttpService]  --> END POST (115-byte body)
04:37:09.163 DEBUG [o.w.p.h.HttpService]  <-- 200 OK https://greenchain.space:4443/ (937ms)
04:37:09.163 DEBUG [o.w.p.h.HttpService]  Server: nginx/1.14.0 (Ubuntu)
04:37:09.163 DEBUG [o.w.p.h.HttpService]  Date: Fri, 02 Nov 2018 01:37:09 GMT
04:37:09.163 DEBUG [o.w.p.h.HttpService]  Content-Type: application/json
04:37:09.163 DEBUG [o.w.p.h.HttpService]  Content-Length: 56
04:37:09.163 DEBUG [o.w.p.h.HttpService]  Connection: keep-alive
04:37:09.163 DEBUG [o.w.p.h.HttpService]  Vary: Origin
04:37:09.164 DEBUG [o.w.p.h.HttpService]  
04:37:09.164 DEBUG [o.w.p.h.HttpService]  {"jsonrpc":"2.0","id":1,"result":"0x864937862d9b4b5e0"}

04:37:09.164 DEBUG [o.w.p.h.HttpService]  <-- END HTTP (56-byte body)
04:38:37.848 DEBUG [o.j.logging]  Logging Provider: org.jboss.logging.Slf4jLoggerProvider
04:39:32.542 DEBUG [o.w.p.h.HttpService]  --> POST https://greenchain.space:4443/ http/1.1
04:39:32.542 DEBUG [o.w.p.h.HttpService]  Content-Type: application/json; charset=utf-8
04:39:32.542 DEBUG [o.w.p.h.HttpService]  Content-Length: 115
04:39:32.543 DEBUG [o.w.p.h.HttpService]  
04:39:32.543 DEBUG [o.w.p.h.HttpService]  {"jsonrpc":"2.0","method":"eth_getBalance","params":["0x6008f59bbc5bcfd7984d3dbcbe9cd473f8615c2d","latest"],"id":0}
04:39:32.543 DEBUG [o.w.p.h.HttpService]  --> END POST (115-byte body)
04:39:33.455 DEBUG [o.w.p.h.HttpService]  <-- 200 OK https://greenchain.space:4443/ (912ms)
04:39:33.456 DEBUG [o.w.p.h.HttpService]  Server: nginx/1.14.0 (Ubuntu)
04:39:33.456 DEBUG [o.w.p.h.HttpService]  Date: Fri, 02 Nov 2018 01:39:33 GMT
04:39:33.456 DEBUG [o.w.p.h.HttpService]  Content-Type: application/json
04:39:33.456 DEBUG [o.w.p.h.HttpService]  Content-Length: 56
04:39:33.456 DEBUG [o.w.p.h.HttpService]  Connection: keep-alive
04:39:33.456 DEBUG [o.w.p.h.HttpService]  Vary: Origin
04:39:33.456 DEBUG [o.w.p.h.HttpService]  
04:39:33.456 DEBUG [o.w.p.h.HttpService]  {"jsonrpc":"2.0","id":0,"result":"0x864937862d9b4b5e0"}

04:39:33.456 DEBUG [o.w.p.h.HttpService]  <-- END HTTP (56-byte body)
